#
# A fatal error has been detected by the Java Runtime Environment:
#
#  EXCEPTION_ACCESS_VIOLATION (0xc0000005) at pc=0x000000005c299535, pid=14712, tid=6528
#
# JRE version: Java(TM) SE Runtime Environment (8.0_20-b26) (build 1.8.0_20-b26)
# Java VM: Java HotSpot(TM) 64-Bit Server VM (25.20-b23 mixed mode windows-amd64 compressed oops)
# Problematic frame:
# V  [jvm.dll+0x119535]
#
# Failed to write core dump. Minidumps are not enabled by default on client versions of Windows
#
# If you would like to submit a bug report, please visit:
#   http://bugreport.sun.com/bugreport/crash.jsp
#

---------------  T H R E A D  ---------------

Current thread (0x000000001e6b7800):  JavaThread "JDWP Transport Listener: dt_socket" daemon [_thread_in_vm, id=6528, stack(0x000000001efc0000,0x000000001f0c0000)]

siginfo: ExceptionCode=0xc0000005, reading address 0x00003b65003b7265

Registers:
RAX=0x000000001f0bf701, RBX=0x000000001e6b7800, RCX=0x00003b65003b7265, RDX=0x0000000000000000
RSP=0x000000001f0bf700, RBP=0x00003b65003b7265, RSI=0x000000001f0bf818, RDI=0x0000000002969960
R8 =0x000000001e6b7800, R9 =0x0000000000000001, R10=0x0000000000008000, R11=0x000000001f0bf650
R12=0x0000000000000000, R13=0x000000001e6af788, R14=0x0000000000000000, R15=0x0000000000000000
RIP=0x000000005c299535, EFLAGS=0x0000000000010206

Top of Stack: (sp=0x000000001f0bf700)
0x000000001f0bf700:   000000001e6b7800 000000001e6b7800
0x000000001f0bf710:   000000001f0bf7c8 000000005c49655b
0x000000001f0bf720:   000000001e6b7800 000000005c4b2dbd
0x000000001f0bf730:   0000000000000000 000000005c119149
0x000000001f0bf740:   000000001e8f95f8 000000005c122912
0x000000001f0bf750:   000000001e6b7800 0000000000000000
0x000000001f0bf760:   0000000000000000 0000000000000000
0x000000001f0bf770:   00003b65003b7265 000000005c121a09
0x000000001f0bf780:   000000001f0bf818 000000001f0bf7f0
0x000000001f0bf790:   0000000000000001 000000001e8f95f8
0x000000001f0bf7a0:   00003b65003b7265 000000005c1053b3
0x000000001f0bf7b0:   000000001f0bf8e0 0000000000000001
0x000000001f0bf7c0:   0000000000000001 000000001e8f95f8
0x000000001f0bf7d0:   0000000000000009 0000000000000000
0x000000001f0bf7e0:   0000000000000000 0000000000000000
0x000000001f0bf7f0:   0000000000000001 000000005c105571 

Instructions: (pc=0x000000005c299535)
0x000000005c299515:   cc cc cc cc cc cc cc cc cc cc cc 48 83 ec 28 48
0x000000005c299525:   85 c9 75 07 33 c0 48 83 c4 28 c3 48 89 5c 24 20
0x000000005c299535:   48 8b 19 48 85 db 74 20 48 83 fb 37 74 1a 48 8b
0x000000005c299545:   13 48 8b cb ff 52 10 84 c0 74 0d 48 8b c3 48 8b 


Register to memory mapping:

RAX=0x000000001f0bf701 is pointing into the stack for thread: 0x000000001e6b7800
RBX=0x000000001e6b7800 is a thread
RCX=0x00003b65003b7265 is an unknown value
RDX=0x0000000000000000 is an unknown value
RSP=0x000000001f0bf700 is pointing into the stack for thread: 0x000000001e6b7800
RBP=0x00003b65003b7265 is an unknown value
RSI=0x000000001f0bf818 is pointing into the stack for thread: 0x000000001e6b7800
RDI=0x0000000002969960 is an unknown value
R8 =0x000000001e6b7800 is a thread
R9 =0x0000000000000001 is an unknown value
R10=0x0000000000008000 is an unknown value
R11=0x000000001f0bf650 is pointing into the stack for thread: 0x000000001e6b7800
R12=0x0000000000000000 is an unknown value
R13=0x000000001e6af788 is an unknown value
R14=0x0000000000000000 is an unknown value
R15=0x0000000000000000 is an unknown value


Stack: [0x000000001efc0000,0x000000001f0c0000],  sp=0x000000001f0bf700,  free space=1021k
Native frames: (J=compiled Java code, j=interpreted, Vv=VM code, C=native code)
V  [jvm.dll+0x119535]
V  [jvm.dll+0x332dbd]
C  [jdwp.dll+0x21a09]
C  [jdwp.dll+0x53b3]
C  [jdwp.dll+0x5571]
C  [jdwp.dll+0xf09c]
C  [jdwp.dll+0x1f2c9]
C  [jdwp.dll+0x1f49e]
V  [jvm.dll+0x1aaa18]
V  [jvm.dll+0x22aac4]
V  [jvm.dll+0x283f5a]
C  [msvcr100.dll+0x21d9f]
C  [msvcr100.dll+0x21e3b]
C  [KERNEL32.DLL+0x17bd4]
C  [ntdll.dll+0x6ced1]


---------------  P R O C E S S  ---------------

Java Threads: ( => current thread )
  0x000000001e7f4000 JavaThread "Service Thread" daemon [_thread_blocked, id=14656, stack(0x000000001f6c0000,0x000000001f7c0000)]
  0x000000001e886800 JavaThread "C1 CompilerThread3" daemon [_thread_blocked, id=1548, stack(0x000000001f5c0000,0x000000001f6c0000)]
  0x000000001e883800 JavaThread "C2 CompilerThread2" daemon [_thread_blocked, id=1788, stack(0x000000001f4c0000,0x000000001f5c0000)]
  0x000000001e7a3000 JavaThread "C2 CompilerThread1" daemon [_thread_blocked, id=19160, stack(0x000000001f3c0000,0x000000001f4c0000)]
  0x000000001e7a2000 JavaThread "C2 CompilerThread0" daemon [_thread_blocked, id=13764, stack(0x000000001f2c0000,0x000000001f3c0000)]
  0x000000001e6c0000 JavaThread "JDWP Command Reader" daemon [_thread_in_native, id=14892, stack(0x000000001f1c0000,0x000000001f2c0000)]
  0x000000001e6bb000 JavaThread "JDWP Event Helper Thread" daemon [_thread_blocked, id=9024, stack(0x000000001f0c0000,0x000000001f1c0000)]
=>0x000000001e6b7800 JavaThread "JDWP Transport Listener: dt_socket" daemon [_thread_in_vm, id=6528, stack(0x000000001efc0000,0x000000001f0c0000)]
  0x000000001e6a7000 JavaThread "Attach Listener" daemon [_thread_blocked, id=14280, stack(0x000000001eb80000,0x000000001ec80000)]
  0x000000001e6a5800 JavaThread "Signal Dispatcher" daemon [_thread_blocked, id=2152, stack(0x000000001ea80000,0x000000001eb80000)]
  0x0000000002c09800 JavaThread "Finalizer" daemon [_thread_blocked, id=18512, stack(0x000000001e580000,0x000000001e680000)]
  0x0000000002c03000 JavaThread "Reference Handler" daemon [_thread_blocked, id=15612, stack(0x000000001e480000,0x000000001e580000)]
  0x0000000002b12800 JavaThread "main" [_thread_blocked, id=14756, stack(0x0000000002800000,0x0000000002900000)]

Other Threads:
  0x000000001c6b8800 VMThread [stack: 0x000000001e380000,0x000000001e480000] [id=17488]
  0x000000001e79c000 WatcherThread [stack: 0x000000001f7c0000,0x000000001f8c0000] [id=19264]

VM state:not at safepoint (normal execution)

VM Mutex/Monitor currently owned by a thread: None

Heap:
 PSYoungGen      total 76288K, used 9194K [0x000000076af00000, 0x0000000770400000, 0x00000007c0000000)
  eden space 65536K, 14% used [0x000000076af00000,0x000000076b7fa998,0x000000076ef00000)
  from space 10752K, 0% used [0x000000076f980000,0x000000076f980000,0x0000000770400000)
  to   space 10752K, 0% used [0x000000076ef00000,0x000000076ef00000,0x000000076f980000)
 ParOldGen       total 175104K, used 0K [0x00000006c0c00000, 0x00000006cb700000, 0x000000076af00000)
  object space 175104K, 0% used [0x00000006c0c00000,0x00000006c0c00000,0x00000006cb700000)
 Metaspace       used 4715K, capacity 4962K, committed 5248K, reserved 1056768K
  class space    used 489K, capacity 529K, committed 640K, reserved 1048576K

Card table byte_map: [0x0000000011fd0000,0x00000000127d0000] byte_map_base: 0x000000000e9ca000

Marking Bits: (ParMarkBitMap*) 0x000000005c95b460
 Begin Bits: [0x0000000013530000, 0x0000000017500000)
 End Bits:   [0x0000000017500000, 0x000000001b4d0000)

Polling page: 0x0000000000ae0000

CodeCache: size=245760Kb used=1285Kb max_used=1289Kb free=244474Kb
 bounds [0x0000000002c10000, 0x0000000002e80000, 0x0000000011c10000]
 total_blobs=396 nmethods=116 adapters=202
 compilation: enabled

Compilation events (10 events):
Event: 258.331 Thread 0x000000001e886800 nmethod 113 0x0000000002d50010 code [0x0000000002d501c0, 0x0000000002d50930]
Event: 258.331 Thread 0x000000001e886800  114       3       org.eclipse.jdt.launching.internal.org.objectweb.asm.ClassReader::readUTF (161 bytes)
Event: 258.331 Thread 0x000000001e886800 nmethod 114 0x0000000002d4f550 code [0x0000000002d4f6e0, 0x0000000002d4fba8]
Event: 258.331 Thread 0x000000001e886800  115       3       org.eclipse.jdt.launching.internal.org.objectweb.asm.ByteVector::putUTF8 (142 bytes)
Event: 258.331 Thread 0x000000001e883800 nmethod 111 0x0000000002d52850 code [0x0000000002d529a0, 0x0000000002d52ab8]
Event: 258.331 Thread 0x000000001e886800 nmethod 115 0x0000000002d4e590 code [0x0000000002d4e780, 0x0000000002d4f018]
Event: 258.331 Thread 0x000000001e886800  116       3       org.eclipse.jdt.launching.internal.org.objectweb.asm.ClassReader::readUTF (49 bytes)
Event: 258.332 Thread 0x000000001e886800 nmethod 116 0x0000000002d51d50 code [0x0000000002d51f00, 0x0000000002d52468]
Event: 258.332 Thread 0x000000001e886800  112       3       org.eclipse.jdt.launching.internal.org.objectweb.asm.Symbol::<init> (38 bytes)
Event: 258.332 Thread 0x000000001e886800 nmethod 112 0x0000000002d4e150 code [0x0000000002d4e2a0, 0x0000000002d4e4b0]

GC Heap History (0 events):
No events

Deoptimization events (0 events):
No events

Internal exceptions (10 events):
Event: 0.332 Thread 0x0000000002b12800 Exception <a 'java/security/PrivilegedActionException'> (0x000000076b6e1d18) thrown at [D:\re\workspace\8-2-build-windows-amd64-cygwin\jdk8u20\1074\hotspot\src\share\vm\prims\jvm.cpp, line 1275]
Event: 0.333 Thread 0x0000000002b12800 Exception <a 'java/security/PrivilegedActionException'> (0x000000076b6e8a30) thrown at [D:\re\workspace\8-2-build-windows-amd64-cygwin\jdk8u20\1074\hotspot\src\share\vm\prims\jvm.cpp, line 1275]
Event: 0.334 Thread 0x0000000002b12800 Exception <a 'java/security/PrivilegedActionException'> (0x000000076b6ef240) thrown at [D:\re\workspace\8-2-build-windows-amd64-cygwin\jdk8u20\1074\hotspot\src\share\vm\prims\jvm.cpp, line 1275]
Event: 0.336 Thread 0x0000000002b12800 Exception <a 'java/security/PrivilegedActionException'> (0x000000076b6f61f8) thrown at [D:\re\workspace\8-2-build-windows-amd64-cygwin\jdk8u20\1074\hotspot\src\share\vm\prims\jvm.cpp, line 1275]
Event: 0.337 Thread 0x0000000002b12800 Exception <a 'java/security/PrivilegedActionException'> (0x000000076b708fa8) thrown at [D:\re\workspace\8-2-build-windows-amd64-cygwin\jdk8u20\1074\hotspot\src\share\vm\prims\jvm.cpp, line 1275]
Event: 0.339 Thread 0x0000000002b12800 Exception <a 'java/security/PrivilegedActionException'> (0x000000076b70dd00) thrown at [D:\re\workspace\8-2-build-windows-amd64-cygwin\jdk8u20\1074\hotspot\src\share\vm\prims\jvm.cpp, line 1275]
Event: 0.341 Thread 0x0000000002b12800 Exception <a 'java/security/PrivilegedActionException'> (0x000000076b716730) thrown at [D:\re\workspace\8-2-build-windows-amd64-cygwin\jdk8u20\1074\hotspot\src\share\vm\prims\jvm.cpp, line 1275]
Event: 0.342 Thread 0x0000000002b12800 Exception <a 'java/security/PrivilegedActionException'> (0x000000076b71c2e0) thrown at [D:\re\workspace\8-2-build-windows-amd64-cygwin\jdk8u20\1074\hotspot\src\share\vm\prims\jvm.cpp, line 1275]
Event: 0.343 Thread 0x0000000002b12800 Exception <a 'java/security/PrivilegedActionException'> (0x000000076b7269d0) thrown at [D:\re\workspace\8-2-build-windows-amd64-cygwin\jdk8u20\1074\hotspot\src\share\vm\prims\jvm.cpp, line 1275]
Event: 0.344 Thread 0x0000000002b12800 Exception <a 'java/security/PrivilegedActionException'> (0x000000076b7333f0) thrown at [D:\re\workspace\8-2-build-windows-amd64-cygwin\jdk8u20\1074\hotspot\src\share\vm\prims\jvm.cpp, line 1275]

Events (10 events):
Event: 1.363 Executing VM operation: GetOrSetLocal
Event: 1.363 Executing VM operation: GetOrSetLocal done
Event: 1.363 Executing VM operation: GetOrSetLocal
Event: 1.363 Executing VM operation: GetOrSetLocal done
Event: 1.363 Executing VM operation: GetOrSetLocal
Event: 1.363 Executing VM operation: GetOrSetLocal done
Event: 4.337 Executing VM operation: EnableBiasedLocking
Event: 4.337 Executing VM operation: EnableBiasedLocking done
Event: 258.332 Executing VM operation: RedefineClasses
Event: 258.332 Executing VM operation: RedefineClasses done


Dynamic libraries:
0x00007ff6b95a0000 - 0x00007ff6b95d4000 	E:\Java\jdk1.8.0_20\bin\javaw.exe
0x00007ffac3c00000 - 0x00007ffac3df0000 	C:\WINDOWS\SYSTEM32\ntdll.dll
0x00007ffac1eb0000 - 0x00007ffac1f62000 	C:\WINDOWS\System32\KERNEL32.DLL
0x00007ffac15c0000 - 0x00007ffac1863000 	C:\WINDOWS\System32\KERNELBASE.dll
0x00007ffac1f70000 - 0x00007ffac2013000 	C:\WINDOWS\System32\ADVAPI32.dll
0x00007ffac35b0000 - 0x00007ffac364e000 	C:\WINDOWS\System32\msvcrt.dll
0x00007ffac3820000 - 0x00007ffac38b7000 	C:\WINDOWS\System32\sechost.dll
0x00007ffac36d0000 - 0x00007ffac37f0000 	C:\WINDOWS\System32\RPCRT4.dll
0x00007ffac2730000 - 0x00007ffac28c4000 	C:\WINDOWS\System32\USER32.dll
0x00007ffac0c90000 - 0x00007ffac0cb1000 	C:\WINDOWS\System32\win32u.dll
0x00007ffac37f0000 - 0x00007ffac3816000 	C:\WINDOWS\System32\GDI32.dll
0x00007ffac1870000 - 0x00007ffac1a04000 	C:\WINDOWS\System32\gdi32full.dll
0x00007ffac1af0000 - 0x00007ffac1b8e000 	C:\WINDOWS\System32\msvcp_win.dll
0x00007ffac0b90000 - 0x00007ffac0c8a000 	C:\WINDOWS\System32\ucrtbase.dll
0x00007ffab4850000 - 0x00007ffab4ad5000 	C:\WINDOWS\WinSxS\amd64_microsoft.windows.common-controls_6595b64144ccf1df_6.0.18362.535_none_e6c3b34713100821\COMCTL32.dll
0x00007ffac3180000 - 0x00007ffac34b6000 	C:\WINDOWS\System32\combase.dll
0x00007ffac1a70000 - 0x00007ffac1af0000 	C:\WINDOWS\System32\bcryptPrimitives.dll
0x00007ffac1d10000 - 0x00007ffac1d3e000 	C:\WINDOWS\System32\IMM32.DLL
0x000000005c9e0000 - 0x000000005cab2000 	E:\Java\jdk1.8.0_20\jre\bin\msvcr100.dll
0x000000005c180000 - 0x000000005c9d8000 	E:\Java\jdk1.8.0_20\jre\bin\server\jvm.dll
0x00007ffac35a0000 - 0x00007ffac35a8000 	C:\WINDOWS\System32\PSAPI.DLL
0x00007ffaade60000 - 0x00007ffaade69000 	C:\WINDOWS\SYSTEM32\WSOCK32.dll
0x00007ffabea40000 - 0x00007ffabea64000 	C:\WINDOWS\SYSTEM32\WINMM.dll
0x00007ffac3530000 - 0x00007ffac359f000 	C:\WINDOWS\System32\WS2_32.dll
0x00007ffabe5c0000 - 0x00007ffabe5ed000 	C:\WINDOWS\SYSTEM32\WINMMBASE.dll
0x00007ffac1bb0000 - 0x00007ffac1bfa000 	C:\WINDOWS\System32\cfgmgr32.dll
0x000000005c170000 - 0x000000005c17f000 	E:\Java\jdk1.8.0_20\jre\bin\verify.dll
0x000000005c140000 - 0x000000005c168000 	E:\Java\jdk1.8.0_20\jre\bin\java.dll
0x000000005c100000 - 0x000000005c135000 	E:\Java\jdk1.8.0_20\jre\bin\jdwp.dll
0x000000005c0f0000 - 0x000000005c0f8000 	E:\Java\jdk1.8.0_20\jre\bin\npt.dll
0x000000005c0c0000 - 0x000000005c0e3000 	E:\Java\jdk1.8.0_20\jre\bin\instrument.dll
0x000000005c0a0000 - 0x000000005c0b6000 	E:\Java\jdk1.8.0_20\jre\bin\zip.dll
0x00007ffac2020000 - 0x00007ffac2705000 	C:\WINDOWS\System32\SHELL32.dll
0x00007ffac2f30000 - 0x00007ffac2fd9000 	C:\WINDOWS\System32\shcore.dll
0x00007ffac0cf0000 - 0x00007ffac146f000 	C:\WINDOWS\System32\windows.storage.dll
0x00007ffac0b00000 - 0x00007ffac0b1f000 	C:\WINDOWS\System32\profapi.dll
0x00007ffac0b20000 - 0x00007ffac0b6a000 	C:\WINDOWS\System32\powrprof.dll
0x00007ffac0ad0000 - 0x00007ffac0ae0000 	C:\WINDOWS\System32\UMPDC.dll
0x00007ffac2fe0000 - 0x00007ffac3032000 	C:\WINDOWS\System32\shlwapi.dll
0x00007ffac0ae0000 - 0x00007ffac0af1000 	C:\WINDOWS\System32\kernel.appcore.dll
0x00007ffac1b90000 - 0x00007ffac1ba7000 	C:\WINDOWS\System32\cryptsp.dll
0x000000005c090000 - 0x000000005c099000 	E:\Java\jdk1.8.0_20\jre\bin\dt_socket.dll
0x00007ffa9d2e0000 - 0x00007ffa9d2f6000 	C:\WINDOWS\system32\napinsp.dll
0x00007ffa9d2c0000 - 0x00007ffa9d2da000 	C:\WINDOWS\system32\pnrpnsp.dll
0x00007ffac0340000 - 0x00007ffac03a7000 	C:\WINDOWS\System32\mswsock.dll
0x00007ffac0090000 - 0x00007ffac015a000 	C:\WINDOWS\SYSTEM32\DNSAPI.dll
0x00007ffac2df0000 - 0x00007ffac2df8000 	C:\WINDOWS\System32\NSI.dll
0x00007ffac0050000 - 0x00007ffac008a000 	C:\WINDOWS\SYSTEM32\IPHLPAPI.DLL
0x00007ffaa4590000 - 0x00007ffaa459e000 	C:\WINDOWS\System32\winrnr.dll
0x00007ffabd330000 - 0x00007ffabd34c000 	C:\WINDOWS\system32\NLAapi.dll
0x00007ffaa4a30000 - 0x00007ffaa4a45000 	C:\WINDOWS\system32\wshbth.dll
0x00007ffaba590000 - 0x00007ffaba607000 	C:\WINDOWS\System32\fwpuclnt.dll
0x00007ffac0cc0000 - 0x00007ffac0ce6000 	C:\WINDOWS\System32\bcrypt.dll
0x00007ffaba1f0000 - 0x00007ffaba1fa000 	C:\Windows\System32\rasadhlp.dll
0x00007ffaae560000 - 0x00007ffaae754000 	C:\WINDOWS\SYSTEM32\dbghelp.dll

VM Arguments:
jvm_args: -agentlib:jdwp=transport=dt_socket,suspend=y,address=localhost:58102 -javaagent:E:\Development\IDE\eclipse\configuration\org.eclipse.osgi\419\0\.cp\lib\javaagent-shaded.jar -Dfile.encoding=Cp1252 
java_command: day17.Day17Task2Main
java_class_path (initial): E:\Development\eclipse-workspace\Advent2019\bin;E:\Development\IDE\eclipse\configuration\org.eclipse.osgi\419\0\.cp\lib\javaagent-shaded.jar
Launcher Type: SUN_STANDARD

Environment Variables:
JAVA_HOME=E:\Java\jdk-11
JRE_HOME=E:\Java\jdk-11
PATH=E:\Java\jdk1.8.0_20\jre\bin;E:/Java/jdk-11/bin/server;E:/Java/jdk-11/bin;E:\ora11gXE\app\oracle\product\11.2.0\server\bin;E:\Java\jdk-11\bin;C:\Program Files (x86)\COLLABNET;E:\EMBARCADERO\STUDIO\15.0\BIN;C:\Users\Public\Documents\Embarcadero\Studio\15.0\Bpl;E:\EMBARCADERO\STUDIO\15.0\BIN64;C:\Users\Public\Documents\Embarcadero\Studio\15.0\Bpl\WIN64;C:\Program Files (x86)\Intel\iCLS Client\;C:\Program Files\Intel\iCLS Client\;C:\Windows\System32;C:\Windows;C:\Windows\System32\wbem;C:\Windows\System32\WindowsPowerShell\v1.0\;C:\Program Files\Intel\Intel(R) Management Engine Components\DAL;C:\Program Files\Intel\Intel(R) Management Engine Components\IPT;C:\Program Files (x86)\Intel\Intel(R) Management Engine Components\DAL;C:\Program Files (x86)\Intel\Intel(R) Management Engine Components\IPT;E:\OPENVPN\BIN;C:\Program Files (x86)\NVIDIA Corporation\PhysX\Common;C:\WINDOWS\system32;C:\WINDOWS;C:\WINDOWS\System32\Wbem;C:\WINDOWS\System32\WindowsPowerShell\v1.0\;C:\WINDOWS\System32\OpenSSH\;E:\Program Files\Git\cmd;E:\Development\nodejs\;C:\Users\Sebastian\AppData\Local\Programs\Python\Python37-32\Scripts;C:\Users\Sebastian\AppData\Local\Programs\Python\Python37-32;C:\Users\Sebastian\AppData\Local\Microsoft\WindowsApps;E:\Development\Microsoft VS Code\bin;C:\Users\Sebastian\AppData\Local\atom\bin;C:\Users\Sebastian\AppData\Roaming\npm;E:\Development\IDE\Microsoft VS Code\bin;C:\Users\Sebastian\AppData\Local\GitHubDesktop\bin;%USERPROFILE%\AppData\Local\Microsoft\WindowsApps;;E:\Development\IDE\eclipse;
USERNAME=Sebastian
OS=Windows_NT
PROCESSOR_IDENTIFIER=Intel64 Family 6 Model 58 Stepping 9, GenuineIntel



---------------  S Y S T E M  ---------------

OS: Windows 8.1 , 64 bit Build 9600 

CPU:total 8 (4 cores per cpu, 2 threads per core) family 6 model 58 stepping 9, cmov, cx8, fxsr, mmx, sse, sse2, sse3, ssse3, sse4.1, sse4.2, popcnt, avx, aes, clmul, erms, ht, tsc, tscinvbit, tscinv

Memory: 4k page, physical 16723488k(9662728k free), swap 33500704k(22262764k free)

vm_info: Java HotSpot(TM) 64-Bit Server VM (25.20-b23) for windows-amd64 JRE (1.8.0_20-b26), built on Jul 30 2014 13:51:23 by "java_re" with MS VC++ 10.0 (VS2010)

time: Tue Dec 17 07:48:52 2019
elapsed time: 258 seconds (0d 0h 4m 18s)

