#
# A fatal error has been detected by the Java Runtime Environment:
#
#  EXCEPTION_ACCESS_VIOLATION (0xc0000005) at pc=0x0000000072fa9535, pid=18092, tid=9964
#
# JRE version: Java(TM) SE Runtime Environment (8.0_20-b26) (build 1.8.0_20-b26)
# Java VM: Java HotSpot(TM) 64-Bit Server VM (25.20-b23 mixed mode windows-amd64 compressed oops)
# Problematic frame:
# V  [jvm.dll+0x119535]
#
# Failed to write core dump. Minidumps are not enabled by default on client versions of Windows
#
# If you would like to submit a bug report, please visit:
#   http://bugreport.sun.com/bugreport/crash.jsp
#

---------------  T H R E A D  ---------------

Current thread (0x000000001ee27800):  JavaThread "JDWP Transport Listener: dt_socket" daemon [_thread_in_vm, id=9964, stack(0x000000001f730000,0x000000001f830000)]

siginfo: ExceptionCode=0xc0000005, reading address 0xffffffffffffffff

Registers:
RAX=0x000000001f82f501, RBX=0x000000001ee27800, RCX=0x6f69747065637845, RDX=0x0000000000000000
RSP=0x000000001f82f520, RBP=0x6f69747065637845, RSI=0x000000001f82f638, RDI=0x0000000003259960
R8 =0x000000001ee27800, R9 =0x0000000000000001, R10=0x0000000000008000, R11=0x000000001f82f470
R12=0x0000000000000000, R13=0x000000001ee1f1d8, R14=0x0000000000000000, R15=0x0000000000000000
RIP=0x0000000072fa9535, EFLAGS=0x0000000000010202

Top of Stack: (sp=0x000000001f82f520)
0x000000001f82f520:   000000001ee27800 000000001ee27800
0x000000001f82f530:   000000001f82f5e8 00000000731a655b
0x000000001f82f540:   000000001ee27800 00000000731c2dbd
0x000000001f82f550:   0000000000000000 0000000072e29149
0x000000001f82f560:   000000001f1e8590 0000000072e32912
0x000000001f82f570:   000000001ee27800 0000000000000000
0x000000001f82f580:   0000000000000000 0000000000000000
0x000000001f82f590:   6f69747065637845 0000000072e31a09
0x000000001f82f5a0:   000000001f82f638 000000001f82f610
0x000000001f82f5b0:   0000000000000001 000000001f1e8590
0x000000001f82f5c0:   6f69747065637845 0000000072e153b3
0x000000001f82f5d0:   000000001f82f700 0000000000000001
0x000000001f82f5e0:   0000000000000001 000000001f1e8590
0x000000001f82f5f0:   0000000000000009 0000000000000000
0x000000001f82f600:   0000000000000000 0000000000000000
0x000000001f82f610:   0000000000000001 0000000072e15571 

Instructions: (pc=0x0000000072fa9535)
0x0000000072fa9515:   cc cc cc cc cc cc cc cc cc cc cc 48 83 ec 28 48
0x0000000072fa9525:   85 c9 75 07 33 c0 48 83 c4 28 c3 48 89 5c 24 20
0x0000000072fa9535:   48 8b 19 48 85 db 74 20 48 83 fb 37 74 1a 48 8b
0x0000000072fa9545:   13 48 8b cb ff 52 10 84 c0 74 0d 48 8b c3 48 8b 


Register to memory mapping:

RAX=0x000000001f82f501 is pointing into the stack for thread: 0x000000001ee27800
RBX=0x000000001ee27800 is a thread
RCX=0x6f69747065637845 is an unknown value
RDX=0x0000000000000000 is an unknown value
RSP=0x000000001f82f520 is pointing into the stack for thread: 0x000000001ee27800
RBP=0x6f69747065637845 is an unknown value
RSI=0x000000001f82f638 is pointing into the stack for thread: 0x000000001ee27800
RDI=0x0000000003259960 is an unknown value
R8 =0x000000001ee27800 is a thread
R9 =0x0000000000000001 is an unknown value
R10=0x0000000000008000 is an unknown value
R11=0x000000001f82f470 is pointing into the stack for thread: 0x000000001ee27800
R12=0x0000000000000000 is an unknown value
R13=0x000000001ee1f1d8 is an unknown value
R14=0x0000000000000000 is an unknown value
R15=0x0000000000000000 is an unknown value


Stack: [0x000000001f730000,0x000000001f830000],  sp=0x000000001f82f520,  free space=1021k
Native frames: (J=compiled Java code, j=interpreted, Vv=VM code, C=native code)
V  [jvm.dll+0x119535]
V  [jvm.dll+0x332dbd]
C  [jdwp.dll+0x21a09]
C  [jdwp.dll+0x53b3]
C  [jdwp.dll+0x5571]
C  [jdwp.dll+0xf09c]
C  [jdwp.dll+0x1f2c9]
C  [jdwp.dll+0x1f49e]
V  [jvm.dll+0x1aaa18]
V  [jvm.dll+0x22aac4]
V  [jvm.dll+0x283f5a]
C  [msvcr100.dll+0x21d9f]
C  [msvcr100.dll+0x21e3b]
C  [KERNEL32.DLL+0x17bd4]
C  [ntdll.dll+0x6ced1]


---------------  P R O C E S S  ---------------

Java Threads: ( => current thread )
  0x000000001ef0c800 JavaThread "Service Thread" daemon [_thread_blocked, id=17552, stack(0x000000001fe30000,0x000000001ff30000)]
  0x000000001eff3800 JavaThread "C1 CompilerThread3" daemon [_thread_blocked, id=15084, stack(0x000000001fd30000,0x000000001fe30000)]
  0x000000001eef1800 JavaThread "C2 CompilerThread2" daemon [_thread_blocked, id=14812, stack(0x000000001fc30000,0x000000001fd30000)]
  0x000000001eef1000 JavaThread "C2 CompilerThread1" daemon [_thread_blocked, id=17676, stack(0x000000001fb30000,0x000000001fc30000)]
  0x000000001ef14000 JavaThread "C2 CompilerThread0" daemon [_thread_blocked, id=13928, stack(0x000000001fa30000,0x000000001fb30000)]
  0x000000001ee2d800 JavaThread "JDWP Command Reader" daemon [_thread_in_native, id=6880, stack(0x000000001f930000,0x000000001fa30000)]
  0x000000001ee2a800 JavaThread "JDWP Event Helper Thread" daemon [_thread_blocked, id=3976, stack(0x000000001f830000,0x000000001f930000)]
=>0x000000001ee27800 JavaThread "JDWP Transport Listener: dt_socket" daemon [_thread_in_vm, id=9964, stack(0x000000001f730000,0x000000001f830000)]
  0x000000001ee16800 JavaThread "Attach Listener" daemon [_thread_blocked, id=7244, stack(0x000000001f2f0000,0x000000001f3f0000)]
  0x000000001ee15800 JavaThread "Signal Dispatcher" daemon [_thread_blocked, id=17800, stack(0x000000001f1f0000,0x000000001f2f0000)]
  0x0000000003358800 JavaThread "Finalizer" daemon [_thread_blocked, id=9560, stack(0x000000001ecf0000,0x000000001edf0000)]
  0x0000000003352800 JavaThread "Reference Handler" daemon [_thread_blocked, id=2948, stack(0x000000001ebf0000,0x000000001ecf0000)]
  0x0000000003262800 JavaThread "main" [_thread_blocked, id=4280, stack(0x0000000002f50000,0x0000000003050000)]

Other Threads:
  0x000000001ce08000 VMThread [stack: 0x000000001eaf0000,0x000000001ebf0000] [id=12232]
  0x000000001ef00800 WatcherThread [stack: 0x000000001ff30000,0x0000000020030000] [id=12208]

VM state:not at safepoint (normal execution)

VM Mutex/Monitor currently owned by a thread: None

Heap:
 PSYoungGen      total 76288K, used 11813K [0x000000076af00000, 0x0000000770400000, 0x00000007c0000000)
  eden space 65536K, 18% used [0x000000076af00000,0x000000076ba896c0,0x000000076ef00000)
  from space 10752K, 0% used [0x000000076f980000,0x000000076f980000,0x0000000770400000)
  to   space 10752K, 0% used [0x000000076ef00000,0x000000076ef00000,0x000000076f980000)
 ParOldGen       total 175104K, used 0K [0x00000006c0c00000, 0x00000006cb700000, 0x000000076af00000)
  object space 175104K, 0% used [0x00000006c0c00000,0x00000006c0c00000,0x00000006cb700000)
 Metaspace       used 6285K, capacity 6460K, committed 6656K, reserved 1056768K
  class space    used 677K, capacity 736K, committed 768K, reserved 1048576K

Card table byte_map: [0x0000000012720000,0x0000000012f20000] byte_map_base: 0x000000000f11a000

Marking Bits: (ParMarkBitMap*) 0x000000007366b460
 Begin Bits: [0x0000000013c80000, 0x0000000017c50000)
 End Bits:   [0x0000000017c50000, 0x000000001bc20000)

Polling page: 0x0000000000df0000

CodeCache: size=245760Kb used=1899Kb max_used=1912Kb free=243860Kb
 bounds [0x0000000003360000, 0x00000000035d0000, 0x0000000012360000]
 total_blobs=674 nmethods=373 adapters=223
 compilation: enabled

Compilation events (10 events):
Event: 18.251 Thread 0x000000001eff3800  370       3       util.Touple::<init> (15 bytes)
Event: 18.251 Thread 0x000000001eff3800 nmethod 370 0x000000000353a810 code [0x000000000353a960, 0x000000000353ab50]
Event: 18.251 Thread 0x000000001eff3800  372       3       java.lang.Integer::equals (29 bytes)
Event: 18.252 Thread 0x000000001eff3800 nmethod 372 0x000000000353a150 code [0x000000000353a2c0, 0x000000000353a730]
Event: 489.140 Thread 0x000000001eff3800  373       3       org.eclipse.jdt.launching.internal.org.objectweb.asm.SymbolTable::hash (15 bytes)
Event: 489.140 Thread 0x000000001ef14000  374       4       org.eclipse.jdt.launching.internal.org.objectweb.asm.ByteVector::putByte (39 bytes)
Event: 489.140 Thread 0x000000001eff3800 nmethod 373 0x0000000003539bd0 code [0x0000000003539d40, 0x000000000353a018]
Event: 489.140 Thread 0x000000001eff3800  375       3       org.eclipse.jdt.launching.internal.org.objectweb.asm.MethodWriter::visitTypeInsn (116 bytes)
Event: 489.140 Thread 0x000000001eff3800 nmethod 375 0x000000000353c510 code [0x000000000353c6c0, 0x000000000353cca8]
Event: 489.142 Thread 0x000000001ef14000 nmethod 374 0x0000000003539710 code [0x0000000003539860, 0x00000000035399e8]

GC Heap History (0 events):
No events

Deoptimization events (0 events):
No events

Internal exceptions (10 events):
Event: 0.378 Thread 0x0000000003262800 Exception <a 'java/security/PrivilegedActionException'> (0x000000076b77f868) thrown at [D:\re\workspace\8-2-build-windows-amd64-cygwin\jdk8u20\1074\hotspot\src\share\vm\prims\jvm.cpp, line 1275]
Event: 0.389 Thread 0x0000000003262800 Exception <a 'java/security/PrivilegedActionException'> (0x000000076b7d73a8) thrown at [D:\re\workspace\8-2-build-windows-amd64-cygwin\jdk8u20\1074\hotspot\src\share\vm\prims\jvm.cpp, line 1275]
Event: 0.389 Thread 0x0000000003262800 Exception <a 'java/security/PrivilegedActionException'> (0x000000076b7d76f0) thrown at [D:\re\workspace\8-2-build-windows-amd64-cygwin\jdk8u20\1074\hotspot\src\share\vm\prims\jvm.cpp, line 1275]
Event: 0.390 Thread 0x0000000003262800 Exception <a 'java/security/PrivilegedActionException'> (0x000000076b7d9e88) thrown at [D:\re\workspace\8-2-build-windows-amd64-cygwin\jdk8u20\1074\hotspot\src\share\vm\prims\jvm.cpp, line 1275]
Event: 0.390 Thread 0x0000000003262800 Exception <a 'java/security/PrivilegedActionException'> (0x000000076b7da1d0) thrown at [D:\re\workspace\8-2-build-windows-amd64-cygwin\jdk8u20\1074\hotspot\src\share\vm\prims\jvm.cpp, line 1275]
Event: 0.423 Thread 0x0000000003262800 Exception <a 'java/lang/ClassNotFoundException': java/lang/Null> (0x000000076b8da8b8) thrown at [D:\re\workspace\8-2-build-windows-amd64-cygwin\jdk8u20\1074\hotspot\src\share\vm\classfile\systemDictionary.cpp, line 202]
Event: 0.435 Thread 0x0000000003262800 Exception <a 'java/lang/NoSuchFieldError': method resolution failed> (0x000000076b944e98) thrown at [D:\re\workspace\8-2-build-windows-amd64-cygwin\jdk8u20\1074\hotspot\src\share\vm\prims\methodHandles.cpp, line 1159]
Event: 0.439 Thread 0x0000000003262800 Exception <a 'java/lang/NoSuchFieldError': method resolution failed> (0x000000076b954138) thrown at [D:\re\workspace\8-2-build-windows-amd64-cygwin\jdk8u20\1074\hotspot\src\share\vm\prims\methodHandles.cpp, line 1159]
Event: 0.441 Thread 0x0000000003262800 Exception <a 'java/lang/NoSuchFieldError': method resolution failed> (0x000000076b959658) thrown at [D:\re\workspace\8-2-build-windows-amd64-cygwin\jdk8u20\1074\hotspot\src\share\vm\prims\methodHandles.cpp, line 1159]
Event: 0.461 Thread 0x0000000003262800 Exception <a 'java/security/PrivilegedActionException'> (0x000000076b9e75e8) thrown at [D:\re\workspace\8-2-build-windows-amd64-cygwin\jdk8u20\1074\hotspot\src\share\vm\prims\jvm.cpp, line 1275]

Events (10 events):
Event: 170.861 Executing VM operation: GetOrSetLocal
Event: 170.861 Executing VM operation: GetOrSetLocal done
Event: 170.861 Executing VM operation: GetOrSetLocal
Event: 170.861 Executing VM operation: GetOrSetLocal done
Event: 170.861 Executing VM operation: GetOrSetLocal
Event: 170.861 Executing VM operation: GetOrSetLocal done
Event: 489.140 Thread 0x000000001eff3800 flushing nmethod 0x00000000034718d0
Event: 489.141 Executing VM operation: RedefineClasses
Event: 489.142 Executing VM operation: RedefineClasses done
Event: 489.142 Thread 0x000000001ef14000 flushing nmethod 0x000000000347cfd0


Dynamic libraries:
0x00007ff780b00000 - 0x00007ff780b34000 	E:\Java\jdk1.8.0_20\bin\javaw.exe
0x00007ffbe0100000 - 0x00007ffbe02f0000 	C:\WINDOWS\SYSTEM32\ntdll.dll
0x00007ffbde930000 - 0x00007ffbde9e2000 	C:\WINDOWS\System32\KERNEL32.DLL
0x00007ffbddf00000 - 0x00007ffbde1a3000 	C:\WINDOWS\System32\KERNELBASE.dll
0x00007ffbdfbc0000 - 0x00007ffbdfc63000 	C:\WINDOWS\System32\ADVAPI32.dll
0x00007ffbde210000 - 0x00007ffbde2ae000 	C:\WINDOWS\System32\msvcrt.dll
0x00007ffbdfe00000 - 0x00007ffbdfe97000 	C:\WINDOWS\System32\sechost.dll
0x00007ffbdea10000 - 0x00007ffbdeb30000 	C:\WINDOWS\System32\RPCRT4.dll
0x00007ffbdeb30000 - 0x00007ffbdecc4000 	C:\WINDOWS\System32\USER32.dll
0x00007ffbdd400000 - 0x00007ffbdd421000 	C:\WINDOWS\System32\win32u.dll
0x00007ffbde410000 - 0x00007ffbde436000 	C:\WINDOWS\System32\GDI32.dll
0x00007ffbdd1c0000 - 0x00007ffbdd354000 	C:\WINDOWS\System32\gdi32full.dll
0x00007ffbdd360000 - 0x00007ffbdd3fe000 	C:\WINDOWS\System32\msvcp_win.dll
0x00007ffbdd0c0000 - 0x00007ffbdd1ba000 	C:\WINDOWS\System32\ucrtbase.dll
0x00007ffbcfc70000 - 0x00007ffbcfef5000 	C:\WINDOWS\WinSxS\amd64_microsoft.windows.common-controls_6595b64144ccf1df_6.0.18362.535_none_e6c3b34713100821\COMCTL32.dll
0x00007ffbdf870000 - 0x00007ffbdfba6000 	C:\WINDOWS\System32\combase.dll
0x00007ffbdde00000 - 0x00007ffbdde80000 	C:\WINDOWS\System32\bcryptPrimitives.dll
0x00007ffbdecd0000 - 0x00007ffbdecfe000 	C:\WINDOWS\System32\IMM32.DLL
0x00000000736f0000 - 0x00000000737c2000 	E:\Java\jdk1.8.0_20\jre\bin\msvcr100.dll
0x0000000072e90000 - 0x00000000736e8000 	E:\Java\jdk1.8.0_20\jre\bin\server\jvm.dll
0x00007ffbdfea0000 - 0x00007ffbdfea8000 	C:\WINDOWS\System32\PSAPI.DLL
0x00007ffbca210000 - 0x00007ffbca219000 	C:\WINDOWS\SYSTEM32\WSOCK32.dll
0x00007ffbd9c90000 - 0x00007ffbd9cb4000 	C:\WINDOWS\SYSTEM32\WINMM.dll
0x00007ffbded00000 - 0x00007ffbded6f000 	C:\WINDOWS\System32\WS2_32.dll
0x00007ffbd9c60000 - 0x00007ffbd9c8d000 	C:\WINDOWS\SYSTEM32\winmmbase.dll
0x00007ffbdd630000 - 0x00007ffbdd67a000 	C:\WINDOWS\System32\cfgmgr32.dll
0x0000000072e80000 - 0x0000000072e8f000 	E:\Java\jdk1.8.0_20\jre\bin\verify.dll
0x0000000072e50000 - 0x0000000072e78000 	E:\Java\jdk1.8.0_20\jre\bin\java.dll
0x0000000072e10000 - 0x0000000072e45000 	E:\Java\jdk1.8.0_20\jre\bin\jdwp.dll
0x0000000072e00000 - 0x0000000072e08000 	E:\Java\jdk1.8.0_20\jre\bin\npt.dll
0x0000000072dd0000 - 0x0000000072df3000 	E:\Java\jdk1.8.0_20\jre\bin\instrument.dll
0x0000000072db0000 - 0x0000000072dc6000 	E:\Java\jdk1.8.0_20\jre\bin\zip.dll
0x00007ffbded70000 - 0x00007ffbdf455000 	C:\WINDOWS\System32\SHELL32.dll
0x00007ffbdfc70000 - 0x00007ffbdfd19000 	C:\WINDOWS\System32\shcore.dll
0x00007ffbdd680000 - 0x00007ffbdddff000 	C:\WINDOWS\System32\windows.storage.dll
0x00007ffbdd070000 - 0x00007ffbdd08f000 	C:\WINDOWS\System32\profapi.dll
0x00007ffbdd020000 - 0x00007ffbdd06a000 	C:\WINDOWS\System32\powrprof.dll
0x00007ffbdcfd0000 - 0x00007ffbdcfe0000 	C:\WINDOWS\System32\UMPDC.dll
0x00007ffbe0060000 - 0x00007ffbe00b2000 	C:\WINDOWS\System32\shlwapi.dll
0x00007ffbdcfe0000 - 0x00007ffbdcff1000 	C:\WINDOWS\System32\kernel.appcore.dll
0x00007ffbdde80000 - 0x00007ffbdde97000 	C:\WINDOWS\System32\cryptsp.dll
0x0000000072da0000 - 0x0000000072da9000 	E:\Java\jdk1.8.0_20\jre\bin\dt_socket.dll
0x00007ffbba100000 - 0x00007ffbba116000 	C:\WINDOWS\system32\napinsp.dll
0x00007ffbb9f90000 - 0x00007ffbb9faa000 	C:\WINDOWS\system32\pnrpnsp.dll
0x00007ffbdc840000 - 0x00007ffbdc8a7000 	C:\WINDOWS\System32\mswsock.dll
0x00007ffbdc590000 - 0x00007ffbdc65a000 	C:\WINDOWS\SYSTEM32\DNSAPI.dll
0x00007ffbdfdf0000 - 0x00007ffbdfdf8000 	C:\WINDOWS\System32\NSI.dll
0x00007ffbdc550000 - 0x00007ffbdc58a000 	C:\WINDOWS\SYSTEM32\IPHLPAPI.DLL
0x00007ffbb9ee0000 - 0x00007ffbb9eee000 	C:\WINDOWS\System32\winrnr.dll
0x00007ffbd99a0000 - 0x00007ffbd99bc000 	C:\WINDOWS\system32\NLAapi.dll
0x00007ffbc2240000 - 0x00007ffbc2255000 	C:\WINDOWS\system32\wshbth.dll
0x00007ffbd68e0000 - 0x00007ffbd6957000 	C:\WINDOWS\System32\fwpuclnt.dll
0x00007ffbdd090000 - 0x00007ffbdd0b6000 	C:\WINDOWS\System32\bcrypt.dll
0x00007ffbd3f30000 - 0x00007ffbd3f3a000 	C:\Windows\System32\rasadhlp.dll
0x00007ffbcb1d0000 - 0x00007ffbcb3c4000 	C:\WINDOWS\SYSTEM32\dbghelp.dll

VM Arguments:
jvm_args: -agentlib:jdwp=transport=dt_socket,suspend=y,address=localhost:49804 -javaagent:E:\Development\IDE\eclipse\configuration\org.eclipse.osgi\419\0\.cp\lib\javaagent-shaded.jar -Dfile.encoding=Cp1252 
java_command: day15.Day15Task1Main
java_class_path (initial): E:\Development\eclipse-workspace\Advent2019\bin;E:\Development\IDE\eclipse\configuration\org.eclipse.osgi\419\0\.cp\lib\javaagent-shaded.jar
Launcher Type: SUN_STANDARD

Environment Variables:
JAVA_HOME=E:\Java\jdk-11
JRE_HOME=E:\Java\jdk-11
PATH=E:\Java\jdk1.8.0_20\jre\bin;E:/Java/jdk-11/bin/server;E:/Java/jdk-11/bin;E:\ora11gXE\app\oracle\product\11.2.0\server\bin;E:\Java\jdk-11\bin;C:\Program Files (x86)\COLLABNET;E:\EMBARCADERO\STUDIO\15.0\BIN;C:\Users\Public\Documents\Embarcadero\Studio\15.0\Bpl;E:\EMBARCADERO\STUDIO\15.0\BIN64;C:\Users\Public\Documents\Embarcadero\Studio\15.0\Bpl\WIN64;C:\Program Files (x86)\Intel\iCLS Client\;C:\Program Files\Intel\iCLS Client\;C:\Windows\System32;C:\Windows;C:\Windows\System32\wbem;C:\Windows\System32\WindowsPowerShell\v1.0\;C:\Program Files\Intel\Intel(R) Management Engine Components\DAL;C:\Program Files\Intel\Intel(R) Management Engine Components\IPT;C:\Program Files (x86)\Intel\Intel(R) Management Engine Components\DAL;C:\Program Files (x86)\Intel\Intel(R) Management Engine Components\IPT;E:\OPENVPN\BIN;C:\Program Files (x86)\NVIDIA Corporation\PhysX\Common;C:\WINDOWS\system32;C:\WINDOWS;C:\WINDOWS\System32\Wbem;C:\WINDOWS\System32\WindowsPowerShell\v1.0\;C:\WINDOWS\System32\OpenSSH\;E:\Program Files\Git\cmd;E:\Development\nodejs\;C:\Users\Sebastian\AppData\Local\Programs\Python\Python37-32\Scripts;C:\Users\Sebastian\AppData\Local\Programs\Python\Python37-32;C:\Users\Sebastian\AppData\Local\Microsoft\WindowsApps;E:\Development\Microsoft VS Code\bin;C:\Users\Sebastian\AppData\Local\atom\bin;C:\Users\Sebastian\AppData\Roaming\npm;E:\Development\IDE\Microsoft VS Code\bin;C:\Users\Sebastian\AppData\Local\GitHubDesktop\bin;%USERPROFILE%\AppData\Local\Microsoft\WindowsApps;;E:\Development\IDE\eclipse;
USERNAME=Sebastian
OS=Windows_NT
PROCESSOR_IDENTIFIER=Intel64 Family 6 Model 58 Stepping 9, GenuineIntel



---------------  S Y S T E M  ---------------

OS: Windows 8.1 , 64 bit Build 9600 

CPU:total 8 (4 cores per cpu, 2 threads per core) family 6 model 58 stepping 9, cmov, cx8, fxsr, mmx, sse, sse2, sse3, ssse3, sse4.1, sse4.2, popcnt, avx, aes, clmul, erms, ht, tsc, tscinvbit, tscinv

Memory: 4k page, physical 16723488k(10182660k free), swap 33500704k(23129260k free)

vm_info: Java HotSpot(TM) 64-Bit Server VM (25.20-b23) for windows-amd64 JRE (1.8.0_20-b26), built on Jul 30 2014 13:51:23 by "java_re" with MS VC++ 10.0 (VS2010)

time: Sun Dec 15 09:41:40 2019
elapsed time: 489 seconds (0d 0h 8m 9s)

